[0.849s] DEBUG:colcon:Command line arguments: ['/usr/bin/colcon', 'list', '-p', '--base-paths', '/home/jetson/Arduino Code']
[0.849s] DEBUG:colcon:Parsed command line arguments: Namespace(allow_overriding=[], base_paths=['/home/jetson/Arduino Code'], build_base='build', ignore_user_meta=False, log_base=None, log_level=None, main=<bound method ListVerb.main of <colcon_package_information.verb.list.ListVerb object at 0x7f80618130>>, metas=['./colcon.meta'], names_only=False, packages_above=None, packages_above_and_dependencies=None, packages_above_depth=None, packages_end=None, packages_ignore=None, packages_ignore_regex=None, packages_select=None, packages_select_build_failed=False, packages_select_by_dep=None, packages_select_regex=None, packages_select_test_failures=False, packages_skip=None, packages_skip_build_finished=False, packages_skip_by_dep=None, packages_skip_regex=None, packages_skip_test_passed=False, packages_skip_up_to=None, packages_start=None, packages_up_to=None, packages_up_to_regex=None, paths=None, paths_only=True, topological_graph=False, topological_graph_density=False, topological_graph_dot=False, topological_graph_dot_cluster=False, topological_graph_dot_include_skipped=False, topological_graph_legend=False, topological_order=False, verb_extension=<colcon_package_information.verb.list.ListVerb object at 0x7f80618130>, verb_name='list', verb_parser=<colcon_defaults.argument_parser.defaults.DefaultArgumentsDecorator object at 0x7f805439d0>)
[0.947s] Level 1:colcon.colcon_core.package_discovery:discover_packages(colcon_meta) check parameters
[0.948s] Level 1:colcon.colcon_core.package_discovery:discover_packages(recursive) check parameters
[0.948s] Level 1:colcon.colcon_core.package_discovery:discover_packages(ignore) check parameters
[0.948s] Level 1:colcon.colcon_core.package_discovery:discover_packages(path) check parameters
[0.948s] Level 1:colcon.colcon_core.package_discovery:discover_packages(recursive) discover
[0.949s] INFO:colcon.colcon_core.package_discovery:Crawling recursively for packages in '/home/jetson/Arduino Code'
[0.949s] Level 1:colcon.colcon_core.package_identification:_identify(/home/jetson/Arduino Code) by extensions ['ignore', 'ignore_ament_install']
[0.950s] Level 1:colcon.colcon_core.package_identification:_identify(/home/jetson/Arduino Code) by extension 'ignore'
[0.950s] Level 1:colcon.colcon_core.package_identification:_identify(/home/jetson/Arduino Code) by extension 'ignore_ament_install'
[0.950s] Level 1:colcon.colcon_core.package_identification:_identify(/home/jetson/Arduino Code) by extensions ['colcon_pkg']
[0.950s] Level 1:colcon.colcon_core.package_identification:_identify(/home/jetson/Arduino Code) by extension 'colcon_pkg'
[0.951s] Level 1:colcon.colcon_core.package_identification:_identify(/home/jetson/Arduino Code) by extensions ['colcon_meta']
[0.951s] Level 1:colcon.colcon_core.package_identification:_identify(/home/jetson/Arduino Code) by extension 'colcon_meta'
[0.951s] Level 1:colcon.colcon_core.package_identification:_identify(/home/jetson/Arduino Code) by extensions ['ros']
[0.951s] Level 1:colcon.colcon_core.package_identification:_identify(/home/jetson/Arduino Code) by extension 'ros'
[0.999s] Level 1:colcon.colcon_core.package_identification:_identify(/home/jetson/Arduino Code) by extensions ['cmake', 'python']
[0.999s] Level 1:colcon.colcon_core.package_identification:_identify(/home/jetson/Arduino Code) by extension 'cmake'
[0.999s] Level 1:colcon.colcon_core.package_identification:_identify(/home/jetson/Arduino Code) by extension 'python'
[0.999s] Level 1:colcon.colcon_core.package_identification:_identify(/home/jetson/Arduino Code) by extensions ['python_setup_py']
[1.000s] Level 1:colcon.colcon_core.package_identification:_identify(/home/jetson/Arduino Code) by extension 'python_setup_py'
[1.000s] Level 1:colcon.colcon_core.package_identification:_identify(/home/jetson/Arduino Code/Blinky) by extensions ['ignore', 'ignore_ament_install']
[1.000s] Level 1:colcon.colcon_core.package_identification:_identify(/home/jetson/Arduino Code/Blinky) by extension 'ignore'
[1.001s] Level 1:colcon.colcon_core.package_identification:_identify(/home/jetson/Arduino Code/Blinky) by extension 'ignore_ament_install'
[1.001s] Level 1:colcon.colcon_core.package_identification:_identify(/home/jetson/Arduino Code/Blinky) by extensions ['colcon_pkg']
[1.001s] Level 1:colcon.colcon_core.package_identification:_identify(/home/jetson/Arduino Code/Blinky) by extension 'colcon_pkg'
[1.001s] Level 1:colcon.colcon_core.package_identification:_identify(/home/jetson/Arduino Code/Blinky) by extensions ['colcon_meta']
[1.002s] Level 1:colcon.colcon_core.package_identification:_identify(/home/jetson/Arduino Code/Blinky) by extension 'colcon_meta'
[1.002s] Level 1:colcon.colcon_core.package_identification:_identify(/home/jetson/Arduino Code/Blinky) by extensions ['ros']
[1.002s] Level 1:colcon.colcon_core.package_identification:_identify(/home/jetson/Arduino Code/Blinky) by extension 'ros'
[1.003s] Level 1:colcon.colcon_core.package_identification:_identify(/home/jetson/Arduino Code/Blinky) by extensions ['cmake', 'python']
[1.003s] Level 1:colcon.colcon_core.package_identification:_identify(/home/jetson/Arduino Code/Blinky) by extension 'cmake'
[1.003s] Level 1:colcon.colcon_core.package_identification:_identify(/home/jetson/Arduino Code/Blinky) by extension 'python'
[1.003s] Level 1:colcon.colcon_core.package_identification:_identify(/home/jetson/Arduino Code/Blinky) by extensions ['python_setup_py']
[1.003s] Level 1:colcon.colcon_core.package_identification:_identify(/home/jetson/Arduino Code/Blinky) by extension 'python_setup_py'
[1.004s] Level 1:colcon.colcon_core.package_identification:_identify(/home/jetson/Arduino Code/DRobot) by extensions ['ignore', 'ignore_ament_install']
[1.004s] Level 1:colcon.colcon_core.package_identification:_identify(/home/jetson/Arduino Code/DRobot) by extension 'ignore'
[1.005s] Level 1:colcon.colcon_core.package_identification:_identify(/home/jetson/Arduino Code/DRobot) by extension 'ignore_ament_install'
[1.005s] Level 1:colcon.colcon_core.package_identification:_identify(/home/jetson/Arduino Code/DRobot) by extensions ['colcon_pkg']
[1.005s] Level 1:colcon.colcon_core.package_identification:_identify(/home/jetson/Arduino Code/DRobot) by extension 'colcon_pkg'
[1.005s] Level 1:colcon.colcon_core.package_identification:_identify(/home/jetson/Arduino Code/DRobot) by extensions ['colcon_meta']
[1.006s] Level 1:colcon.colcon_core.package_identification:_identify(/home/jetson/Arduino Code/DRobot) by extension 'colcon_meta'
[1.006s] Level 1:colcon.colcon_core.package_identification:_identify(/home/jetson/Arduino Code/DRobot) by extensions ['ros']
[1.006s] Level 1:colcon.colcon_core.package_identification:_identify(/home/jetson/Arduino Code/DRobot) by extension 'ros'
[1.007s] Level 1:colcon.colcon_core.package_identification:_identify(/home/jetson/Arduino Code/DRobot) by extensions ['cmake', 'python']
[1.007s] Level 1:colcon.colcon_core.package_identification:_identify(/home/jetson/Arduino Code/DRobot) by extension 'cmake'
[1.007s] Level 1:colcon.colcon_core.package_identification:_identify(/home/jetson/Arduino Code/DRobot) by extension 'python'
[1.007s] Level 1:colcon.colcon_core.package_identification:_identify(/home/jetson/Arduino Code/DRobot) by extensions ['python_setup_py']
[1.007s] Level 1:colcon.colcon_core.package_identification:_identify(/home/jetson/Arduino Code/DRobot) by extension 'python_setup_py'
[1.008s] Level 1:colcon.colcon_core.package_identification:_identify(/home/jetson/Arduino Code/Ultrasonic) by extensions ['ignore', 'ignore_ament_install']
[1.008s] Level 1:colcon.colcon_core.package_identification:_identify(/home/jetson/Arduino Code/Ultrasonic) by extension 'ignore'
[1.009s] Level 1:colcon.colcon_core.package_identification:_identify(/home/jetson/Arduino Code/Ultrasonic) by extension 'ignore_ament_install'
[1.009s] Level 1:colcon.colcon_core.package_identification:_identify(/home/jetson/Arduino Code/Ultrasonic) by extensions ['colcon_pkg']
[1.009s] Level 1:colcon.colcon_core.package_identification:_identify(/home/jetson/Arduino Code/Ultrasonic) by extension 'colcon_pkg'
[1.010s] Level 1:colcon.colcon_core.package_identification:_identify(/home/jetson/Arduino Code/Ultrasonic) by extensions ['colcon_meta']
[1.010s] Level 1:colcon.colcon_core.package_identification:_identify(/home/jetson/Arduino Code/Ultrasonic) by extension 'colcon_meta'
[1.010s] Level 1:colcon.colcon_core.package_identification:_identify(/home/jetson/Arduino Code/Ultrasonic) by extensions ['ros']
[1.010s] Level 1:colcon.colcon_core.package_identification:_identify(/home/jetson/Arduino Code/Ultrasonic) by extension 'ros'
[1.011s] Level 1:colcon.colcon_core.package_identification:_identify(/home/jetson/Arduino Code/Ultrasonic) by extensions ['cmake', 'python']
[1.011s] Level 1:colcon.colcon_core.package_identification:_identify(/home/jetson/Arduino Code/Ultrasonic) by extension 'cmake'
[1.011s] Level 1:colcon.colcon_core.package_identification:_identify(/home/jetson/Arduino Code/Ultrasonic) by extension 'python'
[1.012s] Level 1:colcon.colcon_core.package_identification:_identify(/home/jetson/Arduino Code/Ultrasonic) by extensions ['python_setup_py']
[1.012s] Level 1:colcon.colcon_core.package_identification:_identify(/home/jetson/Arduino Code/Ultrasonic) by extension 'python_setup_py'
[1.012s] Level 1:colcon.colcon_core.package_identification:_identify(/home/jetson/Arduino Code/arduino_com) by extensions ['ignore', 'ignore_ament_install']
[1.013s] Level 1:colcon.colcon_core.package_identification:_identify(/home/jetson/Arduino Code/arduino_com) by extension 'ignore'
[1.013s] Level 1:colcon.colcon_core.package_identification:_identify(/home/jetson/Arduino Code/arduino_com) by extension 'ignore_ament_install'
[1.014s] Level 1:colcon.colcon_core.package_identification:_identify(/home/jetson/Arduino Code/arduino_com) by extensions ['colcon_pkg']
[1.014s] Level 1:colcon.colcon_core.package_identification:_identify(/home/jetson/Arduino Code/arduino_com) by extension 'colcon_pkg'
[1.014s] Level 1:colcon.colcon_core.package_identification:_identify(/home/jetson/Arduino Code/arduino_com) by extensions ['colcon_meta']
[1.014s] Level 1:colcon.colcon_core.package_identification:_identify(/home/jetson/Arduino Code/arduino_com) by extension 'colcon_meta'
[1.014s] Level 1:colcon.colcon_core.package_identification:_identify(/home/jetson/Arduino Code/arduino_com) by extensions ['ros']
[1.015s] Level 1:colcon.colcon_core.package_identification:_identify(/home/jetson/Arduino Code/arduino_com) by extension 'ros'
[1.015s] Level 1:colcon.colcon_core.package_identification:_identify(/home/jetson/Arduino Code/arduino_com) by extensions ['cmake', 'python']
[1.015s] Level 1:colcon.colcon_core.package_identification:_identify(/home/jetson/Arduino Code/arduino_com) by extension 'cmake'
[1.016s] Level 1:colcon.colcon_core.package_identification:_identify(/home/jetson/Arduino Code/arduino_com) by extension 'python'
[1.016s] Level 1:colcon.colcon_core.package_identification:_identify(/home/jetson/Arduino Code/arduino_com) by extensions ['python_setup_py']
[1.016s] Level 1:colcon.colcon_core.package_identification:_identify(/home/jetson/Arduino Code/arduino_com) by extension 'python_setup_py'
[1.017s] Level 1:colcon.colcon_core.package_identification:_identify(/home/jetson/Arduino Code/log) by extensions ['ignore', 'ignore_ament_install']
[1.017s] Level 1:colcon.colcon_core.package_identification:_identify(/home/jetson/Arduino Code/log) by extension 'ignore'
[1.017s] Level 1:colcon.colcon_core.package_identification:_identify(/home/jetson/Arduino Code/log) ignored
[1.018s] Level 1:colcon.colcon_core.package_identification:_identify(/home/jetson/Arduino Code/test) by extensions ['ignore', 'ignore_ament_install']
[1.018s] Level 1:colcon.colcon_core.package_identification:_identify(/home/jetson/Arduino Code/test) by extension 'ignore'
[1.019s] Level 1:colcon.colcon_core.package_identification:_identify(/home/jetson/Arduino Code/test) by extension 'ignore_ament_install'
[1.019s] Level 1:colcon.colcon_core.package_identification:_identify(/home/jetson/Arduino Code/test) by extensions ['colcon_pkg']
[1.019s] Level 1:colcon.colcon_core.package_identification:_identify(/home/jetson/Arduino Code/test) by extension 'colcon_pkg'
[1.019s] Level 1:colcon.colcon_core.package_identification:_identify(/home/jetson/Arduino Code/test) by extensions ['colcon_meta']
[1.019s] Level 1:colcon.colcon_core.package_identification:_identify(/home/jetson/Arduino Code/test) by extension 'colcon_meta'
[1.020s] Level 1:colcon.colcon_core.package_identification:_identify(/home/jetson/Arduino Code/test) by extensions ['ros']
[1.020s] Level 1:colcon.colcon_core.package_identification:_identify(/home/jetson/Arduino Code/test) by extension 'ros'
[1.020s] Level 1:colcon.colcon_core.package_identification:_identify(/home/jetson/Arduino Code/test) by extensions ['cmake', 'python']
[1.020s] Level 1:colcon.colcon_core.package_identification:_identify(/home/jetson/Arduino Code/test) by extension 'cmake'
[1.021s] Level 1:colcon.colcon_core.package_identification:_identify(/home/jetson/Arduino Code/test) by extension 'python'
[1.021s] Level 1:colcon.colcon_core.package_identification:_identify(/home/jetson/Arduino Code/test) by extensions ['python_setup_py']
[1.021s] Level 1:colcon.colcon_core.package_identification:_identify(/home/jetson/Arduino Code/test) by extension 'python_setup_py'
[1.021s] Level 1:colcon.colcon_core.package_identification:_identify(/home/jetson/Arduino Code/vBat) by extensions ['ignore', 'ignore_ament_install']
[1.022s] Level 1:colcon.colcon_core.package_identification:_identify(/home/jetson/Arduino Code/vBat) by extension 'ignore'
[1.022s] Level 1:colcon.colcon_core.package_identification:_identify(/home/jetson/Arduino Code/vBat) by extension 'ignore_ament_install'
[1.022s] Level 1:colcon.colcon_core.package_identification:_identify(/home/jetson/Arduino Code/vBat) by extensions ['colcon_pkg']
[1.022s] Level 1:colcon.colcon_core.package_identification:_identify(/home/jetson/Arduino Code/vBat) by extension 'colcon_pkg'
[1.023s] Level 1:colcon.colcon_core.package_identification:_identify(/home/jetson/Arduino Code/vBat) by extensions ['colcon_meta']
[1.023s] Level 1:colcon.colcon_core.package_identification:_identify(/home/jetson/Arduino Code/vBat) by extension 'colcon_meta'
[1.023s] Level 1:colcon.colcon_core.package_identification:_identify(/home/jetson/Arduino Code/vBat) by extensions ['ros']
[1.023s] Level 1:colcon.colcon_core.package_identification:_identify(/home/jetson/Arduino Code/vBat) by extension 'ros'
[1.024s] Level 1:colcon.colcon_core.package_identification:_identify(/home/jetson/Arduino Code/vBat) by extensions ['cmake', 'python']
[1.024s] Level 1:colcon.colcon_core.package_identification:_identify(/home/jetson/Arduino Code/vBat) by extension 'cmake'
[1.024s] Level 1:colcon.colcon_core.package_identification:_identify(/home/jetson/Arduino Code/vBat) by extension 'python'
[1.024s] Level 1:colcon.colcon_core.package_identification:_identify(/home/jetson/Arduino Code/vBat) by extensions ['python_setup_py']
[1.024s] Level 1:colcon.colcon_core.package_identification:_identify(/home/jetson/Arduino Code/vBat) by extension 'python_setup_py'
[1.025s] Level 1:colcon.colcon_core.package_discovery:discover_packages(recursive) using defaults
